# JRE version: Java(TM) SE Runtime Environment (12.0.1+12) (build 12.0.1+12)
# Java VM: Java HotSpot(TM) 64-Bit Server VM (12.0.1+12, mixed mode, sharing, tiered, compressed oops, g1 gc, windows-amd64)
Heap:
 garbage-first heap   total 262144K, used 71572K [0x0000000701a00000, 0x0000000800000000)
  region size 1024K, 67 young (68608K), 2 survivors (2048K)
 Metaspace       used 16321K, capacity 17024K, committed 17152K, reserved 1064960K
  class space    used 2194K, capacity 2452K, committed 2560K, reserved 1048576K
GC Heap History (8 events):
Event: 0.833 GC heap before
{Heap before GC invocations=0 (full 0):
 garbage-first heap   total 262144K, used 14336K [0x0000000701a00000, 0x0000000800000000)
  region size 1024K, 14 young (14336K), 0 survivors (0K)
 Metaspace       used 3391K, capacity 5251K, committed 5376K, reserved 1056768K
  class space    used 306K, capacity 494K, committed 512K, reserved 1048576K
}
Event: 0.837 GC heap after
{Heap after GC invocations=1 (full 0):
 garbage-first heap   total 262144K, used 4524K [0x0000000701a00000, 0x0000000800000000)
  region size 1024K, 2 young (2048K), 2 survivors (2048K)
 Metaspace       used 3391K, capacity 5251K, committed 5376K, reserved 1056768K
  class space    used 306K, capacity 494K, committed 512K, reserved 1048576K
}
Event: 1.044 GC heap before
{Heap before GC invocations=1 (full 0):
 garbage-first heap   total 262144K, used 14764K [0x0000000701a00000, 0x0000000800000000)
  region size 1024K, 12 young (12288K), 2 survivors (2048K)
 Metaspace       used 4759K, capacity 5980K, committed 6272K, reserved 1056768K
  class space    used 473K, capacity 591K, committed 640K, reserved 1048576K
}
Event: 1.047 GC heap after
{Heap after GC invocations=2 (full 0):
 garbage-first heap   total 262144K, used 5172K [0x0000000701a00000, 0x0000000800000000)
  region size 1024K, 1 young (1024K), 1 survivors (1024K)
 Metaspace       used 4759K, capacity 5980K, committed 6272K, reserved 1056768K
  class space    used 473K, capacity 591K, committed 640K, reserved 1048576K
}
Event: 1.396 GC heap before
{Heap before GC invocations=2 (full 0):
 garbage-first heap   total 262144K, used 32820K [0x0000000701a00000, 0x0000000800000000)
  region size 1024K, 29 young (29696K), 1 survivors (1024K)
 Metaspace       used 6116K, capacity 7096K, committed 7296K, reserved 1056768K
  class space    used 673K, capacity 835K, committed 896K, reserved 1048576K
}
Event: 1.398 GC heap after
{Heap after GC invocations=3 (full 0):
 garbage-first heap   total 262144K, used 5334K [0x0000000701a00000, 0x0000000800000000)
  region size 1024K, 1 young (1024K), 1 survivors (1024K)
 Metaspace       used 6116K, capacity 7096K, committed 7296K, reserved 1056768K
  class space    used 673K, capacity 835K, committed 896K, reserved 1048576K
}
Event: 2.496 GC heap before
{Heap before GC invocations=3 (full 0):
 garbage-first heap   total 262144K, used 59606K [0x0000000701a00000, 0x0000000800000000)
  region size 1024K, 55 young (56320K), 1 survivors (1024K)
 Metaspace       used 9510K, capacity 10091K, committed 10240K, reserved 1058816K
  class space    used 1292K, capacity 1471K, committed 1536K, reserved 1048576K
}
Event: 2.498 GC heap after
{Heap after GC invocations=4 (full 0):
 garbage-first heap   total 262144K, used 6036K [0x0000000701a00000, 0x0000000800000000)
  region size 1024K, 2 young (2048K), 2 survivors (2048K)
 Metaspace       used 9510K, capacity 10091K, committed 10240K, reserved 1058816K
  class space    used 1292K, capacity 1471K, committed 1536K, reserved 1048576K
}

