<?xml version="1.0" encoding="UTF-8"?>
<testsuite xmlns:xsi="http://www.w3.org/2001/XMLSchema-instance" xsi:noNamespaceSchemaLocation="https://maven.apache.org/surefire/maven-surefire-plugin/xsd/surefire-test-report-3.0.xsd" version="3.0" name="com.demo.spring.controller.BookControllerTest" time="6.243" tests="5" errors="0" skipped="0" failures="0">
  <properties>
[...]
</properties>
  <testcase name="updateBookTest" classname="com.demo.spring.controller.BookControllerTest" time="4.994"/>
  <testcase name="createNewBookTest" classname="com.demo.spring.controller.BookControllerTest" time="0.084"/>
  <testcase name="getBookByIdTest" classname="com.demo.spring.controller.BookControllerTest" time="1.146"/>
  <testcase name="getAllBooksTest" classname="com.demo.spring.controller.BookControllerTest" time="0"/>
  <testcase name="addAndReturnNewRecordTest" classname="com.demo.spring.controller.BookControllerTest" time="0"/>
</testsuite>